<?xml version="1.0" encoding="UTF-8"?>
<!-- Generated by org.testng.reporters.JUnitReportReporter -->
<testsuite hostname="Asifs-MBP" failures="0" tests="9" name="mapSynqTest.mapSynqTestClass" time="38.391" errors="0" timestamp="8 May 2018 13:13:03 GMT">
  <testcase classname="mapSynqTest.mapSynqTestClass" name="ValidateDirectionDisplayedForFilledSourceAndDestination" time="5.153"/>
  <testcase classname="mapSynqTest.mapSynqTestClass" name="ValidateDirectionDisplayedForSelectedCheckBox" time="5.426"/>
  <testcase classname="mapSynqTest.mapSynqTestClass" name="ValidateDirectionDisplayedForShortestCheckBox" time="3.988"/>
  <testcase classname="mapSynqTest.mapSynqTestClass" name="ValidateDirectionDisplayedForFastestCheckBox" time="4.464"/>
  <testcase classname="mapSynqTest.mapSynqTestClass" name="ValidateDirectionDisplayedForAllCheckboxesChecked" time="5.894"/>
  <testcase classname="mapSynqTest.mapSynqTestClass" name="ValidateAndClickOnAlertForAllCheckboxesUnchecked" time="3.593"/>
  <testcase classname="mapSynqTest.mapSynqTestClass" name="ValidateAndClickAlertForUnfilledSourceAndDestination" time="1.364"/>
  <testcase classname="mapSynqTest.mapSynqTestClass" name="ValidateDirectionDisplayedForTollAwareCheckBox" time="4.103"/>
  <testcase classname="mapSynqTest.mapSynqTestClass" name="ValidateDirectionDisplayedForTrafficAwareCheckBox" time="4.406"/>
</testsuite> <!-- mapSynqTest.mapSynqTestClass -->
