<?xml version="1.0" encoding="UTF-8"?>
<!-- Generated by org.testng.reporters.JUnitReportReporter -->
<testsuite hostname="Asifs-MBP" failures="0" tests="4" name="mapSynqTest.mapSynqTestClass" time="10.893" errors="0" timestamp="8 May 2018 12:11:01 GMT">
  <testcase classname="mapSynqTest.mapSynqTestClass" name="ValidateDirectionDisplayedForAllCheckboxesChecked" time="3.991"/>
  <testcase classname="mapSynqTest.mapSynqTestClass" name="ValidateAndClickAlertForUnfilledSourceAndDestination" time="1.470"/>
  <testcase classname="mapSynqTest.mapSynqTestClass" name="ValidateAndClickOnAlertForAllCheckboxesUnchecked" time="1.327"/>
  <testcase classname="mapSynqTest.mapSynqTestClass" name="ValidateDirectionDisplayedForFilledSourceAndDestination" time="4.105"/>
</testsuite> <!-- mapSynqTest.mapSynqTestClass -->
