<?xml version="1.0" encoding="UTF-8"?>
<!-- Generated by org.testng.reporters.JUnitReportReporter -->
<testsuite hostname="Asifs-MBP" failures="0" tests="2" name="mapSynqTest.mapSynqTestClass" time="3.262" errors="0" timestamp="8 May 2018 05:23:29 GMT">
  <testcase classname="mapSynqTest.mapSynqTestClass" name="ValidateDirectionDisplayedForFilledSourceAndDestination" time="2.760"/>
  <testcase classname="mapSynqTest.mapSynqTestClass" name="ValidateAndClickAlertForUnfilledSourceAndDestination" time="0.502"/>
</testsuite> <!-- mapSynqTest.mapSynqTestClass -->
