<?xml version="1.0" encoding="UTF-8"?>
<!-- Generated by org.testng.reporters.JUnitReportReporter -->
<testsuite hostname="Asifs-MBP" failures="0" tests="5" name="mapSynqTest.mapSynqTestClass" time="19.924" errors="0" timestamp="8 May 2018 13:02:22 GMT">
  <testcase classname="mapSynqTest.mapSynqTestClass" name="ValidateDirectionDisplayedForSelectedCheckBox" time="6.295"/>
  <testcase classname="mapSynqTest.mapSynqTestClass" name="ValidateAndClickOnAlertForAllCheckboxesUnchecked" time="3.500"/>
  <testcase classname="mapSynqTest.mapSynqTestClass" name="ValidateDirectionDisplayedForAllCheckboxesChecked" time="5.347"/>
  <testcase classname="mapSynqTest.mapSynqTestClass" name="ValidateDirectionDisplayedForFilledSourceAndDestination" time="3.483"/>
  <testcase classname="mapSynqTest.mapSynqTestClass" name="ValidateAndClickAlertForUnfilledSourceAndDestination" time="1.299"/>
</testsuite> <!-- mapSynqTest.mapSynqTestClass -->
