<?xml version="1.0" encoding="UTF-8"?>
<!-- Generated by org.testng.reporters.JUnitReportReporter -->
<testsuite hostname="Asifs-MBP" failures="0" tests="2" name="mapSynqTest.mapSynqTestClass" time="3.881" errors="0" timestamp="8 May 2018 09:54:52 GMT">
  <testcase classname="mapSynqTest.mapSynqTestClass" name="ValidateDirectionDisplayedForFilledSourceAndDestination" time="3.350"/>
  <testcase classname="mapSynqTest.mapSynqTestClass" name="ValidateAndClickAlertForUnfilledSourceAndDestination" time="0.531"/>
</testsuite> <!-- mapSynqTest.mapSynqTestClass -->
