<?xml version="1.0" encoding="UTF-8"?>
<!-- Generated by org.testng.reporters.JUnitReportReporter -->
<testsuite hostname="Asifs-MBP" failures="0" tests="2" name="mapSynqTest.mapSynqLiveTestCaseClass" time="6.431" errors="0" timestamp="8 May 2018 16:19:17 GMT">
  <testcase classname="mapSynqTest.mapSynqLiveTestCaseClass" name="ValidateValidLogin" time="5.020"/>
  <testcase classname="mapSynqTest.mapSynqLiveTestCaseClass" name="ValidateErrorMessageDisplayedForInvalidLogin" time="1.411"/>
</testsuite> <!-- mapSynqTest.mapSynqLiveTestCaseClass -->
