<?xml version="1.0" encoding="UTF-8"?>
<!-- Generated by org.testng.reporters.JUnitReportReporter -->
<testsuite hostname="Asifs-MBP" failures="0" tests="1" name="mapSynq.Lubna.TestCases.mapSynqTest" time="0.045" errors="0" timestamp="8 May 2018 04:27:03 GMT">
  <testcase classname="mapSynq.Lubna.TestCases.mapSynqTest" name="ValidateDirectionDisplayedForFilledSourceAndDestination" time="0.045"/>
</testsuite> <!-- mapSynq.Lubna.TestCases.mapSynqTest -->
